<?xml version="1.0" encoding="UTF-8"?>
<!-- Generated by org.testng.reporters.JUnitReportReporter -->
<testsuite hostname="Netcompanys-MacBook-Pro.local" failures="0" tests="1" name="testcases.ManufacturingTests" time="39.762" errors="0" timestamp="2021-12-06T19:11:13 ICT" skipped="0">
  <testcase classname="testcases.ManufacturingTests" name="verifyTheManufacturingOrderIsCreated" time="39.762"/>
  <system-out/>
</testsuite> <!-- testcases.ManufacturingTests -->
